\BOOKMARK [1][-]{section*.2}{List of Abbreviations}{}% 1
\BOOKMARK [1][-]{section*.3}{List of Figures}{}% 2
\BOOKMARK [1][-]{section*.4}{List of Tables}{}% 3
\BOOKMARK [1][-]{section.1}{Introduction}{}% 4
\BOOKMARK [2][-]{subsection.1.1}{EGFR Signaling Cascade}{section.1}% 5
\BOOKMARK [2][-]{subsection.1.2}{EGFR Signaling in Cancer}{section.1}% 6
\BOOKMARK [2][-]{subsection.1.3}{Targeted Sequencing and Target Enrichment Methods}{section.1}% 7
\BOOKMARK [2][-]{subsection.1.4}{Sequencing Chemistries}{section.1}% 8
\BOOKMARK [3][-]{subsubsection.1.4.1}{Illumina MiSeq}{subsection.1.4}% 9
\BOOKMARK [2][-]{subsection.1.5}{NGS Data Analysis}{section.1}% 10
\BOOKMARK [2][-]{subsection.1.6}{Practical Implications in the Laboratory}{section.1}% 11
\BOOKMARK [2][-]{subsection.1.7}{Aims of the Thesis}{section.1}% 12
\BOOKMARK [1][-]{section.2}{Material \040Methods}{}% 13
\BOOKMARK [2][-]{subsection.2.1}{Library Preparation}{section.2}% 14
\BOOKMARK [3][-]{subsubsection.2.1.1}{Patients}{subsection.2.1}% 15
\BOOKMARK [3][-]{subsubsection.2.1.2}{DNA Extraction, Quantification \040Quality Control}{subsection.2.1}% 16
\BOOKMARK [3][-]{subsubsection.2.1.3}{Agilent Haloplex ClearSeq Cancer}{subsection.2.1}% 17
\BOOKMARK [3][-]{subsubsection.2.1.4}{Illumina TruSight Tumor 15}{subsection.2.1}% 18
\BOOKMARK [2][-]{subsection.2.2}{Bioinformatic Analysis}{section.2}% 19
\BOOKMARK [3][-]{subsubsection.2.2.1}{Agilent SureCall}{subsection.2.2}% 20
\BOOKMARK [3][-]{subsubsection.2.2.2}{Illumina BaseSpace TruSight Tumor 15 App}{subsection.2.2}% 21
\BOOKMARK [3][-]{subsubsection.2.2.3}{Custom In-House Pipeline \(Velona\)}{subsection.2.2}% 22
\BOOKMARK [3][-]{subsubsection.2.2.4}{Variant Calling Algorithms}{subsection.2.2}% 23
\BOOKMARK [1][-]{section.3}{Results}{}% 24
\BOOKMARK [2][-]{subsection.3.1}{Sample Preparation}{section.3}% 25
\BOOKMARK [2][-]{subsection.3.2}{NGS Data Quality}{section.3}% 26
\BOOKMARK [2][-]{subsection.3.3}{Coverage Analysis}{section.3}% 27
\BOOKMARK [2][-]{subsection.3.4}{Variant Calling Algorithm Comparison}{section.3}% 28
\BOOKMARK [1][-]{section.4}{Conclusions}{}% 29
\BOOKMARK [1][-]{section.4}{References}{}% 30
